<?xml version="1.0" encoding="UTF-8"?>
<!-- Generated by org.testng.reporters.JUnitReportReporter -->
<testsuite skipped="0" hostname="DESKTOP-PO9VODV" name="smalltest.Test_Screenshot_PDF" tests="2" failures="0" timestamp="31 Jul 2019 09:25:06 GMT" time="29.381" errors="0">
  <testcase name="SanityFlow" time="27.780" classname="smalltest.Test_Screenshot_PDF"/>
  <testcase name="PDF" time="1.601" classname="smalltest.Test_Screenshot_PDF"/>
</testsuite> <!-- smalltest.Test_Screenshot_PDF -->
